[16:10:30] [main/INFO]: Setting user: Player896
[16:10:34] [Client thread/INFO]: LWJGL Version: 2.9.1
[16:10:52] [Client thread/INFO]: Reloading ResourceManager: Default, FMLFileResourcePack:Forge Mod Loader, FMLFileResourcePack:Minecraft Forge, FMLFileResourcePack:NotEnoughItems, FMLFileResourcePack:Applied Energistics 2, FMLFileResourcePack:Forge Microblocks, FMLFileResourcePack:Forge Multipart, FMLFileResourcePack:Minecraft Multipart Plugin, FMLFileResourcePack:Hbm's Nuclear Tech, FMLFileResourcePack:HBM Plus
[16:11:53] [Sound Library Loader/INFO]: Sound engine started
[16:11:53] [Client thread/WARN]: File hbm:sounds/clap.ogg does not exist, cannot add it to event hbm:fm.clap
[16:11:53] [Client thread/WARN]: File hbm:sounds/mug.ogg does not exist, cannot add it to event hbm:fm.mug
[16:11:53] [Client thread/WARN]: File hbm:sounds/sample.ogg does not exist, cannot add it to event hbm:fm.sample
[16:11:53] [Client thread/INFO]: Created: 16x16 textures/blocks-atlas
[16:11:53] [Client thread/INFO]: Created: 16x16 textures/items-atlas
[16:12:04] [Client thread/INFO]: Reloading ResourceManager: Default, FMLFileResourcePack:Forge Mod Loader, FMLFileResourcePack:Minecraft Forge, FMLFileResourcePack:NotEnoughItems, FMLFileResourcePack:Applied Energistics 2, FMLFileResourcePack:Forge Microblocks, FMLFileResourcePack:Forge Multipart, FMLFileResourcePack:Minecraft Multipart Plugin, FMLFileResourcePack:Hbm's Nuclear Tech, FMLFileResourcePack:HBM Plus
[16:12:26] [Client thread/INFO]: Created: 1024x1024 textures/blocks-atlas
[16:12:30] [Client thread/INFO]: Created: 1024x1024 textures/items-atlas
[16:12:31] [Sound Library Loader/INFO]: Sound engine started
[16:12:31] [Client thread/WARN]: File hbm:sounds/clap.ogg does not exist, cannot add it to event hbm:fm.clap
[16:12:31] [Client thread/WARN]: File hbm:sounds/mug.ogg does not exist, cannot add it to event hbm:fm.mug
[16:12:31] [Client thread/WARN]: File hbm:sounds/sample.ogg does not exist, cannot add it to event hbm:fm.sample
[16:12:40] [Server thread/INFO]: Starting integrated minecraft server version 1.7.10
[16:12:40] [Server thread/INFO]: Generating keypair
[16:12:44] [Server thread/INFO]: Preparing start region for level 0
[16:12:45] [Server thread/INFO]: Changing view distance to 12, from 10
[16:12:45] [Server thread/INFO]: Player896[local:E:e3bf6da6] logged in with entity id 97 at (505.96867463939265, 60.36445605997295, 682.2611056657007)
[16:12:45] [Server thread/INFO]: Player896 joined the game
[16:12:46] [Client thread/INFO]: [CHAT] Loaded world with Hbm's Nuclear Tech Mod 1.0.27 BETA (5061) for Minecraft 1.7.10!
[16:12:47] [pool-2-thread-1/WARN]: Couldn't look up profile properties for com.mojang.authlib.GameProfile@560b639f[id=2f4f52ff-0d3a-36b8-836b-d09e6352ef45,name=Player896,properties={},legacy=false]
com.mojang.authlib.exceptions.AuthenticationUnavailableException: Cannot contact authentication server
	at com.mojang.authlib.yggdrasil.YggdrasilAuthenticationService.makeRequest(YggdrasilAuthenticationService.java:71) ~[YggdrasilAuthenticationService.class:?]
	at com.mojang.authlib.yggdrasil.YggdrasilMinecraftSessionService.fillGameProfile(YggdrasilMinecraftSessionService.java:158) [YggdrasilMinecraftSessionService.class:?]
	at com.mojang.authlib.yggdrasil.YggdrasilMinecraftSessionService$1.load(YggdrasilMinecraftSessionService.java:53) [YggdrasilMinecraftSessionService$1.class:?]
	at com.mojang.authlib.yggdrasil.YggdrasilMinecraftSessionService$1.load(YggdrasilMinecraftSessionService.java:50) [YggdrasilMinecraftSessionService$1.class:?]
	at com.google.common.cache.LocalCache$LoadingValueReference.loadFuture(LocalCache.java:3524) [guava-17.0.jar:?]
	at com.google.common.cache.LocalCache$Segment.loadSync(LocalCache.java:2317) [guava-17.0.jar:?]
	at com.google.common.cache.LocalCache$Segment.lockedGetOrLoad(LocalCache.java:2280) [guava-17.0.jar:?]
	at com.google.common.cache.LocalCache$Segment.get(LocalCache.java:2195) [guava-17.0.jar:?]
	at com.google.common.cache.LocalCache.get(LocalCache.java:3934) [guava-17.0.jar:?]
	at com.google.common.cache.LocalCache.getOrLoad(LocalCache.java:3938) [guava-17.0.jar:?]
	at com.google.common.cache.LocalCache$LocalLoadingCache.get(LocalCache.java:4821) [guava-17.0.jar:?]
	at com.google.common.cache.LocalCache$LocalLoadingCache.getUnchecked(LocalCache.java:4827) [guava-17.0.jar:?]
	at com.mojang.authlib.yggdrasil.YggdrasilMinecraftSessionService.fillProfileProperties(YggdrasilMinecraftSessionService.java:148) [YggdrasilMinecraftSessionService.class:?]
	at net.minecraft.client.resources.SkinManager$3.run(SkinManager.java:133) [SkinManager$3.class:?]
	at java.util.concurrent.Executors$RunnableAdapter.call(Executors.java:511) [?:1.8.0_411]
	at java.util.concurrent.FutureTask.run(FutureTask.java:266) [?:1.8.0_411]
	at java.util.concurrent.ThreadPoolExecutor.runWorker(ThreadPoolExecutor.java:1149) [?:1.8.0_411]
	at java.util.concurrent.ThreadPoolExecutor$Worker.run(ThreadPoolExecutor.java:624) [?:1.8.0_411]
	at java.lang.Thread.run(Thread.java:750) [?:1.8.0_411]
Caused by: java.net.UnknownHostException: sessionserver.mojang.com
	at java.net.AbstractPlainSocketImpl.connect(AbstractPlainSocketImpl.java:196) ~[?:1.8.0_411]
	at java.net.PlainSocketImpl.connect(PlainSocketImpl.java:162) ~[?:1.8.0_411]
	at java.net.SocksSocketImpl.connect(SocksSocketImpl.java:394) ~[?:1.8.0_411]
	at java.net.Socket.connect(Socket.java:606) ~[?:1.8.0_411]
	at sun.security.ssl.SSLSocketImpl.connect(SSLSocketImpl.java:303) ~[?:1.8.0_411]
	at sun.net.NetworkClient.doConnect(NetworkClient.java:175) ~[?:1.8.0_411]
	at sun.net.www.http.HttpClient.openServer(HttpClient.java:499) ~[?:1.8.0_411]
	at sun.net.www.http.HttpClient.openServer(HttpClient.java:594) ~[?:1.8.0_411]
	at sun.net.www.protocol.https.HttpsClient.<init>(HttpsClient.java:263) ~[?:1.8.0_411]
	at sun.net.www.protocol.https.HttpsClient.New(HttpsClient.java:366) ~[?:1.8.0_411]
	at sun.net.www.protocol.https.AbstractDelegateHttpsURLConnection.getNewHttpClient(AbstractDelegateHttpsURLConnection.java:207) ~[?:1.8.0_411]
	at sun.net.www.protocol.http.HttpURLConnection.plainConnect0(HttpURLConnection.java:1219) ~[?:1.8.0_411]
	at sun.net.www.protocol.http.HttpURLConnection$6.run(HttpURLConnection.java:1051) ~[?:1.8.0_411]
	at sun.net.www.protocol.http.HttpURLConnection$6.run(HttpURLConnection.java:1049) ~[?:1.8.0_411]
	at java.security.AccessController.doPrivileged(Native Method) ~[?:1.8.0_411]
	at java.security.AccessController.doPrivilegedWithCombiner(AccessController.java:784) ~[?:1.8.0_411]
	at sun.net.www.protocol.http.HttpURLConnection.plainConnect(HttpURLConnection.java:1048) ~[?:1.8.0_411]
	at sun.net.www.protocol.https.AbstractDelegateHttpsURLConnection.connect(AbstractDelegateHttpsURLConnection.java:193) ~[?:1.8.0_411]
	at sun.net.www.protocol.http.HttpURLConnection.getInputStream0(HttpURLConnection.java:1606) ~[?:1.8.0_411]
	at sun.net.www.protocol.http.HttpURLConnection.access$200(HttpURLConnection.java:92) ~[?:1.8.0_411]
	at sun.net.www.protocol.http.HttpURLConnection$9.run(HttpURLConnection.java:1526) ~[?:1.8.0_411]
	at sun.net.www.protocol.http.HttpURLConnection$9.run(HttpURLConnection.java:1524) ~[?:1.8.0_411]
	at java.security.AccessController.doPrivileged(Native Method) ~[?:1.8.0_411]
	at java.security.AccessController.doPrivilegedWithCombiner(AccessController.java:784) ~[?:1.8.0_411]
	at sun.net.www.protocol.http.HttpURLConnection.getInputStream(HttpURLConnection.java:1523) ~[?:1.8.0_411]
	at sun.net.www.protocol.https.HttpsURLConnectionImpl.getInputStream(HttpsURLConnectionImpl.java:268) ~[?:1.8.0_411]
	at com.mojang.authlib.HttpAuthenticationService.performGetRequest(HttpAuthenticationService.java:126) ~[HttpAuthenticationService.class:?]
	at com.mojang.authlib.yggdrasil.YggdrasilAuthenticationService.makeRequest(YggdrasilAuthenticationService.java:54) ~[YggdrasilAuthenticationService.class:?]
	... 18 more
[16:12:50] [Server thread/INFO]: Player896 has just earned the achievement [Taking Inventory]
[16:12:50] [Client thread/WARN]: Failed to load texture: nei:textures/nei_tabbed_sprites.png
java.io.FileNotFoundException: nei:textures/nei_tabbed_sprites.png
	at net.minecraft.client.resources.FallbackResourceManager.getResource(FallbackResourceManager.java:65) ~[FallbackResourceManager.class:?]
	at net.minecraft.client.resources.SimpleReloadableResourceManager.getResource(SimpleReloadableResourceManager.java:67) ~[SimpleReloadableResourceManager.class:?]
	at net.minecraft.client.renderer.texture.SimpleTexture.loadTexture(SimpleTexture.java:35) ~[SimpleTexture.class:?]
	at net.minecraft.client.renderer.texture.TextureManager.loadTexture(TextureManager.java:89) [TextureManager.class:?]
	at net.minecraft.client.renderer.texture.TextureManager.bindTexture(TextureManager.java:45) [TextureManager.class:?]
	at codechicken.nei.drawable.DrawableResource.draw(DrawableResource.java:46) [DrawableResource.class:?]
	at codechicken.nei.drawable.DrawableResource.draw(DrawableResource.java:42) [DrawableResource.class:?]
	at codechicken.nei.LayoutManager.drawIcon(LayoutManager.java:808) [LayoutManager.class:?]
	at codechicken.nei.LayoutStyleMinecraft.drawButton(LayoutStyleMinecraft.java:174) [LayoutStyleMinecraft.class:?]
	at codechicken.nei.Button.draw(Button.java:23) [Button.class:?]
	at codechicken.nei.LayoutManager.renderObjects(LayoutManager.java:269) [LayoutManager.class:?]
	at codechicken.nei.guihook.GuiContainerManager.renderObjects(GuiContainerManager.java:541) [GuiContainerManager.class:?]
	at net.minecraft.client.gui.inventory.GuiContainer.drawScreen(GuiContainer.java:135) [GuiContainer.class:?]
	at net.minecraft.client.renderer.InventoryEffectRenderer.drawScreen(InventoryEffectRenderer.java:44) [InventoryEffectRenderer.class:?]
	at net.minecraft.client.gui.inventory.GuiContainerCreative.drawScreen(GuiContainerCreative.java:673) [GuiContainerCreative.class:?]
	at net.minecraft.client.renderer.EntityRenderer.updateCameraAndRender(EntityRenderer.java:1137) [EntityRenderer.class:?]
	at net.minecraft.client.Minecraft.runGameLoop(Minecraft.java:1067) [Minecraft.class:?]
	at net.minecraft.client.Minecraft.run(Minecraft.java:962) [Minecraft.class:?]
	at net.minecraft.client.main.Main.main(Main.java:164) [Main.class:?]
	at sun.reflect.NativeMethodAccessorImpl.invoke0(Native Method) ~[?:1.8.0_411]
	at sun.reflect.NativeMethodAccessorImpl.invoke(NativeMethodAccessorImpl.java:62) ~[?:1.8.0_411]
	at sun.reflect.DelegatingMethodAccessorImpl.invoke(DelegatingMethodAccessorImpl.java:43) ~[?:1.8.0_411]
	at java.lang.reflect.Method.invoke(Method.java:498) ~[?:1.8.0_411]
	at net.minecraft.launchwrapper.Launch.launch(Launch.java:135) [launchwrapper-1.12.jar:?]
	at net.minecraft.launchwrapper.Launch.main(Launch.java:28) [launchwrapper-1.12.jar:?]
	at net.minecraftforge.gradle.GradleStartCommon.launch(Unknown Source) [start/:?]
	at GradleStart.main(Unknown Source) [start/:?]
[16:12:50] [Client thread/INFO]: [CHAT] Player896 has just earned the achievement [Taking Inventory]
[16:13:04] [Server thread/INFO]: Saving and pausing game...
[16:13:04] [Server thread/INFO]: Saving chunks for level 'New World'/Overworld
[16:13:04] [Server thread/INFO]: Saving chunks for level 'New World'/Nether
[16:13:04] [Server thread/INFO]: Saving chunks for level 'New World'/The End
[16:13:05] [Server thread/INFO]: Stopping server
[16:13:05] [Server thread/INFO]: Saving players
[16:13:05] [Server thread/INFO]: Saving worlds
[16:13:05] [Server thread/INFO]: Saving chunks for level 'New World'/Overworld
[16:13:05] [Server thread/INFO]: Saving chunks for level 'New World'/Nether
[16:13:05] [Server thread/INFO]: Saving chunks for level 'New World'/The End
[16:13:06] [Client thread/INFO]: Stopping!
